<?xml version="1.0" encoding="UTF-8"?>

<!--
  ~ Copyright (c) 2008-2016 Haulmont. All rights reserved.
  ~ Use is subject to license terms, see http://www.cuba-platform.com/commercial-software-license for details.
  -->

<configuration debug="true">

    <property name="logDir" value="${catalina.base}/logs"/>

    <appender name="Console" class="ch.qos.logback.core.ConsoleAppender">
        <filter class="ch.qos.logback.classic.filter.ThresholdFilter">
            <level>INFO</level>
        </filter>

        <encoder>
            <pattern>%d{HH:mm:ss.SSS} %-5level %logger{36} - %msg%n</pattern>
        </encoder>
    </appender>

    <root>
        <appender-ref ref="Console"/>
    </root>

    <!-- Begin CUBA -->

    <logger name="com.haulmont.cuba" level="INFO"/>

    <logger name="com.haulmont.cuba.core.sys" level="INFO"/>

    <logger name="com.haulmont.cuba.core.sys.CubaDefaultListableBeanFactory" level="WARN"/>

    <logger name="com.haulmont.cuba.portal" level="INFO"/>

    <!-- End CUBA -->

    <logger name="eclipselink" level="WARN"/>

    <logger name="org.apache.http" level="INFO"/>

    <logger name="org.springframework" level="INFO"/>

    <logger name="sun" level="INFO"/>

    <logger name="com.sun" level="INFO"/>

    <logger name="javax" level="INFO"/>

    <logger name="org.apache" level="INFO"/>

</configuration>
